0 silly argv {
0 silly argv   _: [ 'publish' ],
0 silly argv   push: false,
0 silly argv   composed: 'publish',
0 silly argv   lernaVersion: '3.22.1',
0 silly argv   '$0': 'lerna'
0 silly argv }
1 notice cli v3.22.1
2 verbose rootPath /home/radevwebio/lerna/jbook
3 verbose session a74e8325b882d4ab
4 verbose user-agent lerna/3.22.1/node@v14.18.3+x64 (linux)
5 silly argv {
5 silly argv   _: [ 'publish' ],
5 silly argv   push: false,
5 silly argv   composed: 'publish',
5 silly argv   lernaVersion: '3.22.1'
5 silly argv }
6 verbose rootPath /home/radevwebio/lerna/jbook
7 info current version 1.0.0
8 silly isAnythingCommitted
9 verbose isAnythingCommitted 1
10 silly currentBranch
11 verbose currentBranch master
12 silly hasTags
13 verbose hasTags true
14 silly git-describe.sync "v1.0.0-1-g0ef5959" => {"lastTagName":"v1.0.0","lastVersion":"v1.0.0","refCount":"1","sha":"0ef5959","isDirty":false}
15 info Looking for changed packages since v1.0.0
16 silly checking diff packages/cli
17 silly found diff in packages/cli/package.json
18 verbose filtered diff [ 'packages/cli/package.json' ]
19 silly checking diff packages/local-api
20 silly found diff in packages/local-api/package.json
21 verbose filtered diff [ 'packages/local-api/package.json' ]
22 silly checking diff packages/local-client
23 silly found diff in packages/local-client/package.json
24 verbose filtered diff [ 'packages/local-client/package.json' ]
25 verbose updated jbook-test
26 verbose updated @jbook-test/local-api
27 verbose updated @jbook-test/local-client
28 verbose git-describe undefined => "v1.0.0-1-g0ef5959"
29 silly git-describe parsed => {"lastTagName":"v1.0.0","lastVersion":"v1.0.0","refCount":"1","sha":"0ef5959","isDirty":false}
30 info execute Skipping git push
31 info execute Skipping releases
32 silly lifecycle No script for "preversion" in "root", continuing
33 silly lifecycle No script for "preversion" in "@jbook-test/local-client", continuing
34 silly lifecycle No script for "version" in "@jbook-test/local-client", continuing
35 silly lifecycle No script for "preversion" in "@jbook-test/local-api", continuing
36 silly lifecycle No script for "version" in "@jbook-test/local-api", continuing
37 silly lifecycle No script for "preversion" in "jbook-test", continuing
38 silly lifecycle No script for "version" in "jbook-test", continuing
39 silly lifecycle No script for "version" in "root", continuing
40 silly gitAdd [
40 silly gitAdd   'packages/local-client/package.json',
40 silly gitAdd   'packages/local-api/package.json',
40 silly gitAdd   'packages/local-api/package-lock.json',
40 silly gitAdd   'packages/cli/package.json',
40 silly gitAdd   'packages/cli/package-lock.json',
40 silly gitAdd   'lerna.json'
40 silly gitAdd ]
41 silly gitCommit v1.0.1
42 verbose git [ 'commit', '-m', 'v1.0.1' ]
43 silly gitTag v1.0.1
44 verbose git [ 'tag', 'v1.0.1', '-m', 'v1.0.1' ]
45 silly lifecycle No script for "postversion" in "jbook-test", continuing
46 silly lifecycle No script for "postversion" in "@jbook-test/local-api", continuing
47 silly lifecycle No script for "postversion" in "@jbook-test/local-client", continuing
48 silly lifecycle No script for "postversion" in "root", continuing
49 info publish Publishing packages to npm...
50 info Verifying npm credentials
51 verbose Retrieving npm user profile
52 http fetch GET 200 https://registry.npmjs.org/-/npm/v1/user 16674ms
53 silly npm profile get received {"tfa":false,"name":"tarikrazine.com","email":"tarikrazine.com@gmail.com","email_verified":true,"created":"2022-02-02T19:47:54.928Z","updated":"2022-02-02T20:46:01.196Z","cidr_whitelist":null,"fullname":"Tarik Razine","twitter":"razine_tarik","github":"tarikrazine"}
54 silly get npm username received {"username":"tarikrazine.com","tfa":false,"name":"tarikrazine.com","email":"tarikrazine.com@gmail.com","email_verified":true,"created":"2022-02-02T19:47:54.928Z","updated":"2022-02-02T20:46:01.196Z","cidr_whitelist":null,"fullname":"Tarik Razine","twitter":"razine_tarik","github":"tarikrazine"}
55 silly verifyNpmPackageAccess
56 http fetch GET 200 https://registry.npmjs.org/-/org/tarikrazine.com/package?format=cli 392ms
57 info Checking two-factor auth mode
58 verbose Retrieving npm user profile
59 http fetch GET 200 https://registry.npmjs.org/-/npm/v1/user 883ms
60 silly npm profile get received {"tfa":false,"name":"tarikrazine.com","email":"tarikrazine.com@gmail.com","email_verified":true,"created":"2022-02-02T19:47:54.928Z","updated":"2022-02-02T20:46:01.196Z","cidr_whitelist":null,"fullname":"Tarik Razine","twitter":"razine_tarik","github":"tarikrazine"}
61 silly 2FA false
62 warn ENOLICENSE Packages jbook-test, @jbook-test/local-api, and @jbook-test/local-client are missing a license.
62 warn ENOLICENSE One way to fix this is to add a LICENSE.md file to the root of this repository.
62 warn ENOLICENSE See https://choosealicense.com for additional guidance.
63 silly getCurrentSHA
64 verbose getCurrentSHA 6daf9f8c8aa816380635fc629a0d109a98d139fb
65 silly lifecycle No script for "prepublish" in "root", continuing
66 silly lifecycle No script for "prepare" in "root", continuing
67 silly lifecycle No script for "prepublishOnly" in "root", continuing
68 silly lifecycle No script for "prepack" in "root", continuing
69 verbose pack-directory packages/local-client
70 silly lifecycle No script for "prepublish" in "@jbook-test/local-client", continuing
71 silly lifecycle No script for "prepare" in "@jbook-test/local-client", continuing
72 silly lifecycle "prepublishOnly" starting in "@jbook-test/local-client"
73 info lifecycle @jbook-test/local-client@1.0.1~prepublishOnly: @jbook-test/local-client@1.0.1
74 verbose lifecycle @jbook-test/local-client@1.0.1~prepublishOnly: unsafe-perm in lifecycle true
75 verbose lifecycle @jbook-test/local-client@1.0.1~prepublishOnly: PATH: /usr/lib/node_modules/lerna/node_modules/npm-lifecycle/node-gyp-bin:/home/radevwebio/lerna/jbook/packages/local-client/node_modules/.bin:/home/radevwebio/.yarn/bin:/home/radevwebio/.config/yarn/global/node_modules/.bin:/home/radevwebio/.local/bin:/usr/local/sbin:/usr/local/bin:/usr/sbin:/usr/bin:/sbin:/bin:/usr/games:/usr/local/games:/snap/bin
76 verbose lifecycle @jbook-test/local-client@1.0.1~prepublishOnly: CWD: /home/radevwebio/lerna/jbook/packages/local-client
77 silly lifecycle @jbook-test/local-client@1.0.1~prepublishOnly: Args: [ '-c', 'yarn build' ]
78 silly lifecycle @jbook-test/local-client@1.0.1~prepublishOnly: Returned: code: 0  signal: null
79 silly lifecycle "prepublishOnly" finished in "@jbook-test/local-client"
80 silly lifecycle No script for "prepack" in "@jbook-test/local-client", continuing
81 error ZlibError: zlib: invalid code lengths set
81 error     at Unzip.write (/usr/lib/node_modules/lerna/node_modules/minizlib/index.js:147:22)
81 error     at Object.write (/usr/lib/node_modules/lerna/node_modules/tar/lib/parse.js:305:58)
81 error     at Yallist.<anonymous> (/usr/lib/node_modules/lerna/node_modules/minipass/index.js:374:18)
81 error     at Yallist.forEach (/usr/lib/node_modules/lerna/node_modules/yallist/yallist.js:156:8)
81 error     at ReadStream.emit (/usr/lib/node_modules/lerna/node_modules/minipass/index.js:373:20)
81 error     at ReadStream.emit (/usr/lib/node_modules/lerna/node_modules/fs-minipass/index.js:154:22)
81 error     at ReadStream.write (/usr/lib/node_modules/lerna/node_modules/minipass/index.js:163:17)
81 error     at ReadStream.[_handleChunk] (/usr/lib/node_modules/lerna/node_modules/fs-minipass/index.js:131:19)
81 error     at ReadStream.[_onread] (/usr/lib/node_modules/lerna/node_modules/fs-minipass/index.js:109:32)
81 error     at /usr/lib/node_modules/lerna/node_modules/fs-minipass/index.js:101:22
